0 info it worked if it ends with ok
1 verbose cli [ '/home/thnolan/.nvm/versions/node/v6.11.4/bin/node',
1 verbose cli   '/home/thnolan/.nvm/versions/node/v6.11.4/bin/npm',
1 verbose cli   'run',
1 verbose cli   'non-angular:webDriver' ]
2 info using npm@3.10.10
3 info using node@v6.11.4
4 verbose run-script [ 'prenon-angular:webDriver',
4 verbose run-script   'non-angular:webDriver',
4 verbose run-script   'postnon-angular:webDriver' ]
5 info lifecycle protractor-examples@1.0.0~prenon-angular:webDriver: protractor-examples@1.0.0
6 silly lifecycle protractor-examples@1.0.0~prenon-angular:webDriver: no script for prenon-angular:webDriver, continuing
7 info lifecycle protractor-examples@1.0.0~non-angular:webDriver: protractor-examples@1.0.0
8 verbose lifecycle protractor-examples@1.0.0~non-angular:webDriver: unsafe-perm in lifecycle true
9 verbose lifecycle protractor-examples@1.0.0~non-angular:webDriver: PATH: /home/thnolan/.nvm/versions/node/v6.11.4/lib/node_modules/npm/bin/node-gyp-bin:/home/thnolan/Testing/protractor/protractor-examples/node_modules/.bin:/home/thnolan/.nvm/versions/node/v6.11.4/bin:/usr/lib64/qt-3.3/bin:/home/thnolan/.sdkman/candidates/maven/current/bin:/home/thnolan/.sdkman/candidates/ant/current/bin:/home/thnolan/.rvm/gems/ruby-2.2.4/bin:/home/thnolan/.rvm/gems/ruby-2.2.4@global/bin:/home/thnolan/.rvm/rubies/ruby-2.2.4/bin:/usr/local/bin:/usr/local/sbin:/usr/bin:/usr/sbin:/home/thnolan/Tools/dbs/mongodb/mongodb-linux-x86_64-3.4.2/bin:/home/thnolan/Openshift/openshift-origin-client-tools-v1.3.1:/home/thnolan/Tools/dbs/redis-3.2.8/src:/home/thnolan/Tools/dbs/redis-3.2.8/src:/home/thnolan/.rvm/bin:/home/thnolan/bin:/home/thnolan/android-development/android-sdk-linux/tools/:/home/thnolan/android-development/android-sdk-linux/platform-tools/:/home/thnolan/.fabric8/bin:/usr/local/go/bin:/home/thnolan/Software/apache-jmeter-3.2/bin:/home/thnolan/Software/minishift-1.8.0-linux-amd64:/home/thnolan/Tools/dbs/mongodb/mongodb-linux-x86_64-3.4.2/bin:/home/thnolan/feedhenry/raincatcher/raincatcher-cli:/home/thnolan/Tools/dbs/redis-3.2.8/src:/home/thnolan/.rvm/bin:/opt/sonar-scanner-2.8/bin
10 verbose lifecycle protractor-examples@1.0.0~non-angular:webDriver: CWD: /home/thnolan/Testing/protractor/protractor-examples
11 silly lifecycle protractor-examples@1.0.0~non-angular:webDriver: Args: [ '-c',
11 silly lifecycle   'protractor conf.js --specs=./test/2-non-angular/webDriverDirect.protractor-demo-app.spec.js' ]
12 silly lifecycle protractor-examples@1.0.0~non-angular:webDriver: Returned: code: 4  signal: null
13 info lifecycle protractor-examples@1.0.0~non-angular:webDriver: Failed to exec non-angular:webDriver script
14 verbose stack Error: protractor-examples@1.0.0 non-angular:webDriver: `protractor conf.js --specs=./test/2-non-angular/webDriverDirect.protractor-demo-app.spec.js`
14 verbose stack Exit status 4
14 verbose stack     at EventEmitter.<anonymous> (/home/thnolan/.nvm/versions/node/v6.11.4/lib/node_modules/npm/lib/utils/lifecycle.js:255:16)
14 verbose stack     at emitTwo (events.js:106:13)
14 verbose stack     at EventEmitter.emit (events.js:191:7)
14 verbose stack     at ChildProcess.<anonymous> (/home/thnolan/.nvm/versions/node/v6.11.4/lib/node_modules/npm/lib/utils/spawn.js:40:14)
14 verbose stack     at emitTwo (events.js:106:13)
14 verbose stack     at ChildProcess.emit (events.js:191:7)
14 verbose stack     at maybeClose (internal/child_process.js:920:16)
14 verbose stack     at Process.ChildProcess._handle.onexit (internal/child_process.js:230:5)
15 verbose pkgid protractor-examples@1.0.0
16 verbose cwd /home/thnolan/Testing/protractor/protractor-examples
17 error Linux 4.13.10-100.fc25.x86_64
18 error argv "/home/thnolan/.nvm/versions/node/v6.11.4/bin/node" "/home/thnolan/.nvm/versions/node/v6.11.4/bin/npm" "run" "non-angular:webDriver"
19 error node v6.11.4
20 error npm  v3.10.10
21 error code ELIFECYCLE
22 error protractor-examples@1.0.0 non-angular:webDriver: `protractor conf.js --specs=./test/2-non-angular/webDriverDirect.protractor-demo-app.spec.js`
22 error Exit status 4
23 error Failed at the protractor-examples@1.0.0 non-angular:webDriver script 'protractor conf.js --specs=./test/2-non-angular/webDriverDirect.protractor-demo-app.spec.js'.
23 error Make sure you have the latest version of node.js and npm installed.
23 error If you do, this is most likely a problem with the protractor-examples package,
23 error not with npm itself.
23 error Tell the author that this fails on your system:
23 error     protractor conf.js --specs=./test/2-non-angular/webDriverDirect.protractor-demo-app.spec.js
23 error You can get information on how to open an issue for this project with:
23 error     npm bugs protractor-examples
23 error Or if that isn't available, you can get their info via:
23 error     npm owner ls protractor-examples
23 error There is likely additional logging output above.
24 verbose exit [ 1, true ]
